{"level":"\u001b[32minfo\u001b[39m","message":"{\"method\":\"GET\",\"url\":\"/test/api\",\"status\":\"200\",\"responseTime\":\"2.635\"}","timestamp":"2025-01-16T01:50:55.205Z"}
{"level":"\u001b[32minfo\u001b[39m","message":"{\"method\":\"GET\",\"url\":\"/favicon.ico\",\"status\":\"404\",\"responseTime\":\"1.653\"}","timestamp":"2025-01-16T01:50:55.570Z"}
{"level":"\u001b[32minfo\u001b[39m","message":"{\"method\":\"GET\",\"url\":\"/test/api\",\"status\":\"200\",\"responseTime\":\"0.682\"}","timestamp":"2025-01-16T01:51:01.896Z"}
{"level":"\u001b[32minfo\u001b[39m","message":"{\"method\":\"GET\",\"url\":\"/goal/\",\"status\":\"200\",\"responseTime\":\"17.880\"}","timestamp":"2025-01-17T03:25:02.364Z"}
{"level":"\u001b[32minfo\u001b[39m","message":"{\"method\":\"DELETE\",\"url\":\"/goal/6/\",\"status\":\"200\",\"responseTime\":\"6.058\"}","timestamp":"2025-01-17T03:25:35.191Z"}
{"level":"\u001b[32minfo\u001b[39m","message":"{\"method\":\"GET\",\"url\":\"/goal/\",\"status\":\"200\",\"responseTime\":\"2.848\"}","timestamp":"2025-01-17T03:25:47.917Z"}
{"level":"\u001b[32minfo\u001b[39m","message":"{\"method\":\"POST\",\"url\":\"/auth/login\",\"status\":\"200\",\"responseTime\":\"192.559\"}","timestamp":"2025-01-17T05:27:44.167Z"}
{"level":"\u001b[32minfo\u001b[39m","message":"{\"method\":\"GET\",\"url\":\"/transaction/\",\"status\":\"200\",\"responseTime\":\"5591.279\"}","timestamp":"2025-01-17T05:28:07.565Z"}
{"level":"\u001b[32minfo\u001b[39m","message":"{\"method\":\"GET\",\"url\":\"/transaction/\",\"status\":\"200\",\"responseTime\":\"4.669\"}","timestamp":"2025-01-17T05:28:18.074Z"}
{"level":"\u001b[32minfo\u001b[39m","message":"{\"method\":\"GET\",\"url\":\"/transaction/monthly\",\"status\":\"401\",\"responseTime\":\"2.344\"}","timestamp":"2025-01-17T05:28:36.518Z"}
{"level":"\u001b[32minfo\u001b[39m","message":"{\"method\":\"GET\",\"url\":\"/transaction/monthly\",\"status\":\"200\",\"responseTime\":\"20.335\"}","timestamp":"2025-01-17T05:28:48.873Z"}
{"level":"\u001b[32minfo\u001b[39m","message":"{\"method\":\"GET\",\"url\":\"/transaction/monthly\",\"status\":\"200\",\"responseTime\":\"4.555\"}","timestamp":"2025-01-17T05:28:52.982Z"}
{"level":"\u001b[32minfo\u001b[39m","message":"{\"method\":\"GET\",\"url\":\"/wallet/\",\"status\":\"200\",\"responseTime\":\"12.626\"}","timestamp":"2025-01-17T05:29:25.975Z"}
{"level":"\u001b[32minfo\u001b[39m","message":"{\"method\":\"GET\",\"url\":\"/wallet/\",\"status\":\"200\",\"responseTime\":\"13.404\"}","timestamp":"2025-01-17T05:29:28.798Z"}
{"level":"\u001b[32minfo\u001b[39m","message":"{\"method\":\"GET\",\"url\":\"/wallet/\",\"status\":\"200\",\"responseTime\":\"2.409\"}","timestamp":"2025-01-17T05:29:36.388Z"}
{"level":"\u001b[32minfo\u001b[39m","message":"{\"method\":\"GET\",\"url\":\"/wallet/\",\"status\":\"200\",\"responseTime\":\"10.054\"}","timestamp":"2025-01-17T05:29:41.745Z"}
{"level":"\u001b[32minfo\u001b[39m","message":"{\"method\":\"GET\",\"url\":\"/wallet/\",\"status\":\"200\",\"responseTime\":\"8.944\"}","timestamp":"2025-01-17T05:29:44.055Z"}
{"level":"\u001b[32minfo\u001b[39m","message":"{\"method\":\"POST\",\"url\":\"/auth/login\",\"status\":\"500\",\"responseTime\":\"155.660\"}","timestamp":"2025-01-18T08:10:49.246Z"}
{"level":"\u001b[32minfo\u001b[39m","message":"{\"method\":\"POST\",\"url\":\"/auth/login\",\"status\":\"200\",\"responseTime\":\"140.350\"}","timestamp":"2025-01-18T08:12:58.052Z"}
{"level":"\u001b[32minfo\u001b[39m","message":"{\"method\":\"POST\",\"url\":\"/auth/login\",\"status\":\"500\",\"responseTime\":\"110.148\"}","timestamp":"2025-01-18T08:13:08.980Z"}
{"level":"\u001b[32minfo\u001b[39m","message":"{\"method\":\"POST\",\"url\":\"/auth/login\",\"status\":\"200\",\"responseTime\":\"102.260\"}","timestamp":"2025-01-18T08:13:13.388Z"}
{"level":"\u001b[32minfo\u001b[39m","message":"{\"method\":\"GET\",\"url\":\"/transaction/\",\"status\":\"200\",\"responseTime\":\"106.259\"}","timestamp":"2025-01-18T08:13:26.406Z"}
{"level":"\u001b[32minfo\u001b[39m","message":"{\"method\":\"GET\",\"url\":\"/wallet/\",\"status\":\"200\",\"responseTime\":\"7.716\"}","timestamp":"2025-01-18T08:13:39.452Z"}
{"level":"\u001b[32minfo\u001b[39m","message":"{\"method\":\"POST\",\"url\":\"/auth/refresh-token\",\"status\":\"500\",\"responseTime\":\"2.415\"}","timestamp":"2025-01-18T08:14:26.078Z"}
